find_header: checking for octave-4.2.2/octave/oct.h in /usr/include... -------------------- no

"gcc -o conftest -I/home/hikari/.rbenv/versions/3.0.2/include/ruby-3.0.0/x86_64-linux -I/home/hikari/.rbenv/versions/3.0.2/include/ruby-3.0.0/ruby/backward -I/home/hikari/.rbenv/versions/3.0.2/include/ruby-3.0.0 -I. -I/home/hikari/.rbenv/versions/3.0.2/include    -O3 -ggdb3 -Wall -Wextra -Wdeprecated-declarations -Wduplicated-cond -Wimplicit-function-declaration -Wimplicit-int -Wmisleading-indentation -Wpointer-arith -Wwrite-strings -Wimplicit-fallthrough=0 -Wmissing-noreturn -Wno-cast-function-type -Wno-constant-logical-operand -Wno-long-long -Wno-missing-field-initializers -Wno-overlength-strings -Wno-packed-bitfield-compat -Wno-parentheses-equality -Wno-self-assign -Wno-tautological-compare -Wno-unused-parameter -Wno-unused-value -Wsuggest-attribute=format -Wsuggest-attribute=noreturn -Wunused-variable  -fPIC conftest.c  -L. -L/home/hikari/.rbenv/versions/3.0.2/lib -Wl,-rpath,/home/hikari/.rbenv/versions/3.0.2/lib -L. -L/home/hikari/.rbenv/versions/3.0.2/lib  -fstack-protector-strong -rdynamic -Wl,-export-dynamic     -Wl,-rpath,/home/hikari/.rbenv/versions/3.0.2/lib -L/home/hikari/.rbenv/versions/3.0.2/lib -lruby  -lm   -lc"
checked program was:
/* begin */
1: #include "ruby.h"
2: 
3: int main(int argc, char **argv)
4: {
5:   return !!argv[argc];
6: }
/* end */

"gcc -E -I/home/hikari/.rbenv/versions/3.0.2/include/ruby-3.0.0/x86_64-linux -I/home/hikari/.rbenv/versions/3.0.2/include/ruby-3.0.0/ruby/backward -I/home/hikari/.rbenv/versions/3.0.2/include/ruby-3.0.0 -I. -I/home/hikari/.rbenv/versions/3.0.2/include    -O3 -ggdb3 -Wall -Wextra -Wdeprecated-declarations -Wduplicated-cond -Wimplicit-function-declaration -Wimplicit-int -Wmisleading-indentation -Wpointer-arith -Wwrite-strings -Wimplicit-fallthrough=0 -Wmissing-noreturn -Wno-cast-function-type -Wno-constant-logical-operand -Wno-long-long -Wno-missing-field-initializers -Wno-overlength-strings -Wno-packed-bitfield-compat -Wno-parentheses-equality -Wno-self-assign -Wno-tautological-compare -Wno-unused-parameter -Wno-unused-value -Wsuggest-attribute=format -Wsuggest-attribute=noreturn -Wunused-variable  -fPIC  conftest.c -o conftest.i"
In file included from /usr/include/octave-4.2.2/octave/MSparse.h:31:0,
                 from /usr/include/octave-4.2.2/octave/MatrixType.h:29,
                 from /usr/include/octave-4.2.2/octave/mx-base.h:30,
                 from /usr/include/octave-4.2.2/octave/Matrix.h:32,
                 from /usr/include/octave-4.2.2/octave/oct.h:30,
                 from conftest.c:3:
/usr/include/octave-4.2.2/octave/Sparse.h:31:10: fatal error: cassert: No such file or directory
 #include <cassert>
          ^~~~~~~~~
compilation terminated.
checked program was:
/* begin */
1: #include "ruby.h"
2: 
3: #include <octave-4.2.2/octave/oct.h>
/* end */

"gcc -E -I/home/hikari/.rbenv/versions/3.0.2/include/ruby-3.0.0/x86_64-linux -I/home/hikari/.rbenv/versions/3.0.2/include/ruby-3.0.0/ruby/backward -I/home/hikari/.rbenv/versions/3.0.2/include/ruby-3.0.0 -I. -I/home/hikari/.rbenv/versions/3.0.2/include    -O3 -ggdb3 -Wall -Wextra -Wdeprecated-declarations -Wduplicated-cond -Wimplicit-function-declaration -Wimplicit-int -Wmisleading-indentation -Wpointer-arith -Wwrite-strings -Wimplicit-fallthrough=0 -Wmissing-noreturn -Wno-cast-function-type -Wno-constant-logical-operand -Wno-long-long -Wno-missing-field-initializers -Wno-overlength-strings -Wno-packed-bitfield-compat -Wno-parentheses-equality -Wno-self-assign -Wno-tautological-compare -Wno-unused-parameter -Wno-unused-value -Wsuggest-attribute=format -Wsuggest-attribute=noreturn -Wunused-variable  -fPIC -I/usr/include conftest.c -o conftest.i"
In file included from /usr/include/octave-4.2.2/octave/MSparse.h:31:0,
                 from /usr/include/octave-4.2.2/octave/MatrixType.h:29,
                 from /usr/include/octave-4.2.2/octave/mx-base.h:30,
                 from /usr/include/octave-4.2.2/octave/Matrix.h:32,
                 from /usr/include/octave-4.2.2/octave/oct.h:30,
                 from conftest.c:3:
/usr/include/octave-4.2.2/octave/Sparse.h:31:10: fatal error: cassert: No such file or directory
 #include <cassert>
          ^~~~~~~~~
compilation terminated.
checked program was:
/* begin */
1: #include "ruby.h"
2: 
3: #include <octave-4.2.2/octave/oct.h>
/* end */

--------------------

